<?xml version="1.0" encoding="UTF-8" ?>
<testsuite failures="0" time="0.863" errors="0" skipped="0" tests="73" name="com.idibon.api.client.APITest">
  <properties>
    <property name="java.runtime.name" value="Java(TM) SE Runtime Environment"/>
    <property name="sun.boot.library.path" value="/System/Library/Java/JavaVirtualMachines/1.6.0.jdk/Contents/Libraries"/>
    <property name="java.vm.version" value="20.51-b01-456"/>
    <property name="awt.nativeDoubleBuffering" value="true"/>
    <property name="gopherProxySet" value="false"/>
    <property name="mrj.build" value="11M4508"/>
    <property name="java.vm.vendor" value="Apple Inc."/>
    <property name="java.vendor.url" value="http://www.apple.com/"/>
    <property name="path.separator" value=":"/>
    <property name="guice.disable.misplaced.annotation.check" value="true"/>
    <property name="java.vm.name" value="Java HotSpot(TM) 64-Bit Server VM"/>
    <property name="file.encoding.pkg" value="sun.io"/>
    <property name="user.country" value="US"/>
    <property name="sun.java.launcher" value="SUN_STANDARD"/>
    <property name="sun.os.patch.level" value="unknown"/>
    <property name="java.vm.specification.name" value="Java Virtual Machine Specification"/>
    <property name="user.dir" value="/Users/ashlesha/Documents/java-client/java-client/api"/>
    <property name="java.runtime.version" value="1.6.0_51-b11-456-11M4508"/>
    <property name="java.awt.graphicsenv" value="apple.awt.CGraphicsEnvironment"/>
    <property name="java.endorsed.dirs" value="/System/Library/Java/JavaVirtualMachines/1.6.0.jdk/Contents/Home/lib/endorsed"/>
    <property name="os.arch" value="x86_64"/>
    <property name="java.io.tmpdir" value="/var/folders/1s/mhvr_m0j3j97wr5ylplp83qm0000gn/T/"/>
    <property name="line.separator" value="
"/>
    <property name="java.vm.specification.vendor" value="Sun Microsystems Inc."/>
    <property name="os.name" value="Mac OS X"/>
    <property name="classworlds.conf" value="/usr/share/maven/bin/m2.conf"/>
    <property name="sun.jnu.encoding" value="MacRoman"/>
    <property name="java.library.path" value=".:/Library/Java/Extensions:/System/Library/Java/Extensions:/usr/lib/java"/>
    <property name="java.specification.name" value="Java Platform API Specification"/>
    <property name="java.class.version" value="50.0"/>
    <property name="sun.management.compiler" value="HotSpot 64-Bit Tiered Compilers"/>
    <property name="os.version" value="10.8.3"/>
    <property name="http.nonProxyHosts" value="local|*.local|169.254/16|*.169.254/16"/>
    <property name="user.home" value="/Users/ashlesha"/>
    <property name="user.timezone" value="America/Los_Angeles"/>
    <property name="java.awt.printerjob" value="apple.awt.CPrinterJob"/>
    <property name="java.specification.version" value="1.6"/>
    <property name="file.encoding" value="MacRoman"/>
    <property name="user.name" value="ashlesha"/>
    <property name="java.class.path" value="/usr/share/maven/boot/plexus-classworlds-2.4.jar"/>
    <property name="java.vm.specification.version" value="1.0"/>
    <property name="sun.arch.data.model" value="64"/>
    <property name="java.home" value="/System/Library/Java/JavaVirtualMachines/1.6.0.jdk/Contents/Home"/>
    <property name="sun.java.command" value="org.codehaus.plexus.classworlds.launcher.Launcher clean install"/>
    <property name="java.specification.vendor" value="Sun Microsystems Inc."/>
    <property name="user.language" value="en"/>
    <property name="awt.toolkit" value="apple.awt.CToolkit"/>
    <property name="java.vm.info" value="mixed mode"/>
    <property name="java.version" value="1.6.0_51"/>
    <property name="java.ext.dirs" value="/Library/Java/Extensions:/System/Library/Java/Extensions:/System/Library/Java/JavaVirtualMachines/1.6.0.jdk/Contents/Home/lib/ext"/>
    <property name="sun.boot.class.path" value="/System/Library/Java/JavaVirtualMachines/1.6.0.jdk/Contents/Classes/jsfd.jar:/System/Library/Java/JavaVirtualMachines/1.6.0.jdk/Contents/Classes/classes.jar:/System/Library/Frameworks/JavaVM.framework/Frameworks/JavaRuntimeSupport.framework/Resources/Java/JavaRuntimeSupport.jar:/System/Library/Java/JavaVirtualMachines/1.6.0.jdk/Contents/Classes/ui.jar:/System/Library/Java/JavaVirtualMachines/1.6.0.jdk/Contents/Classes/laf.jar:/System/Library/Java/JavaVirtualMachines/1.6.0.jdk/Contents/Classes/sunrsasign.jar:/System/Library/Java/JavaVirtualMachines/1.6.0.jdk/Contents/Classes/jsse.jar:/System/Library/Java/JavaVirtualMachines/1.6.0.jdk/Contents/Classes/jce.jar:/System/Library/Java/JavaVirtualMachines/1.6.0.jdk/Contents/Classes/charsets.jar"/>
    <property name="java.vendor" value="Apple Inc."/>
    <property name="maven.home" value="/usr/share/maven"/>
    <property name="file.separator" value="/"/>
    <property name="java.vendor.url.bug" value="http://bugreport.apple.com/"/>
    <property name="sun.cpu.endian" value="little"/>
    <property name="sun.io.unicode.encoding" value="UnicodeLittle"/>
    <property name="mrj.version" value="1070.1.6.0_51-456"/>
    <property name="socksNonProxyHosts" value="local|*.local|169.254/16|*.169.254/16"/>
    <property name="ftp.nonProxyHosts" value="local|*.local|169.254/16|*.169.254/16"/>
    <property name="sun.cpu.isalist" value=""/>
  </properties>
  <testcase time="0.013" classname="com.idibon.api.client.APITest" name="testAPIKey"/>
  <testcase time="0.051" classname="com.idibon.api.client.APITest" name="testGetCollections"/>
  <testcase time="0.011" classname="com.idibon.api.client.APITest" name="testGetCollectionsError"/>
  <testcase time="0.015" classname="com.idibon.api.client.APITest" name="testGetCollection"/>
  <testcase time="0.012" classname="com.idibon.api.client.APITest" name="testGetCollectionError"/>
  <testcase time="0.013" classname="com.idibon.api.client.APITest" name="testPutCollection"/>
  <testcase time="0.012" classname="com.idibon.api.client.APITest" name="testPutCollectionError"/>
  <testcase time="0.013" classname="com.idibon.api.client.APITest" name="testPostCollection"/>
  <testcase time="0.013" classname="com.idibon.api.client.APITest" name="testPostCollectionNameInURL"/>
  <testcase time="0.012" classname="com.idibon.api.client.APITest" name="testPostCollectionError"/>
  <testcase time="0.018" classname="com.idibon.api.client.APITest" name="testPostNotExistingCollectionError"/>
  <testcase time="0.011" classname="com.idibon.api.client.APITest" name="testDeleteCollection"/>
  <testcase time="0.01" classname="com.idibon.api.client.APITest" name="testDeleteCollectionError"/>
  <testcase time="0.007" classname="com.idibon.api.client.APITest" name="testFlushCollection"/>
  <testcase time="0.008" classname="com.idibon.api.client.APITest" name="testFlushCollectionError"/>
  <testcase time="0.017" classname="com.idibon.api.client.APITest" name="testGetDocuments"/>
  <testcase time="0.008" classname="com.idibon.api.client.APITest" name="testGetDocumentsNotFoundError"/>
  <testcase time="0.012" classname="com.idibon.api.client.APITest" name="testGetDocumentsSortFieldError"/>
  <testcase time="0.009" classname="com.idibon.api.client.APITest" name="testGetDocumentsSortOrderError"/>
  <testcase time="0.009" classname="com.idibon.api.client.APITest" name="testGetDocumentsNoTaskError"/>
  <testcase time="0.009" classname="com.idibon.api.client.APITest" name="testGetDocumentsNoLabelError"/>
  <testcase time="0.006" classname="com.idibon.api.client.APITest" name="testGetDocumentsCountStringError"/>
  <testcase time="0.006" classname="com.idibon.api.client.APITest" name="testGetDocumentsStartNegativeError"/>
  <testcase time="0.011" classname="com.idibon.api.client.APITest" name="testDocumentIterator"/>
  <testcase time="0.015" classname="com.idibon.api.client.APITest" name="testGetFullDocuments"/>
  <testcase time="0.007" classname="com.idibon.api.client.APITest" name="testGetFullDocumentsNotFoundError"/>
  <testcase time="0.011" classname="com.idibon.api.client.APITest" name="testGetFullDocumentsSortFieldError"/>
  <testcase time="0.009" classname="com.idibon.api.client.APITest" name="testGetFullDocumentsSortOrderError"/>
  <testcase time="0.009" classname="com.idibon.api.client.APITest" name="testGetFullDocumentsNoTaskError"/>
  <testcase time="0.007" classname="com.idibon.api.client.APITest" name="testGetFullDocumentsNoLabelError"/>
  <testcase time="0.011" classname="com.idibon.api.client.APITest" name="testGetFullDocumentsCountStringError"/>
  <testcase time="0.009" classname="com.idibon.api.client.APITest" name="testGetFullDocumentsStartNegativeError"/>
  <testcase time="0.013" classname="com.idibon.api.client.APITest" name="testFullDocumentIterator"/>
  <testcase time="0.008" classname="com.idibon.api.client.APITest" name="testGetDocument"/>
  <testcase time="0.008" classname="com.idibon.api.client.APITest" name="testGetDocumentError"/>
  <testcase time="0.01" classname="com.idibon.api.client.APITest" name="testPutDocument"/>
  <testcase time="0.011" classname="com.idibon.api.client.APITest" name="testPutDocumentNameInURL"/>
  <testcase time="0.011" classname="com.idibon.api.client.APITest" name="testPutDocumentError"/>
  <testcase time="0.008" classname="com.idibon.api.client.APITest" name="testPostDocuments"/>
  <testcase time="0.008" classname="com.idibon.api.client.APITest" name="testPostDocumentsError"/>
  <testcase time="0.007" classname="com.idibon.api.client.APITest" name="testPostDocumentBlankListError"/>
  <testcase time="0.006" classname="com.idibon.api.client.APITest" name="testDeleteDocument"/>
  <testcase time="0.005" classname="com.idibon.api.client.APITest" name="testDeleteDocumentError"/>
  <testcase time="0.011" classname="com.idibon.api.client.APITest" name="testGetTask"/>
  <testcase time="0.006" classname="com.idibon.api.client.APITest" name="testGetTaskError"/>
  <testcase time="0.008" classname="com.idibon.api.client.APITest" name="testPutTask"/>
  <testcase time="0.007" classname="com.idibon.api.client.APITest" name="testPutTaskNameInURL"/>
  <testcase time="0.007" classname="com.idibon.api.client.APITest" name="testPutTaskDescriptionError"/>
  <testcase time="0.007" classname="com.idibon.api.client.APITest" name="testPutTaskScopeError"/>
  <testcase time="0.006" classname="com.idibon.api.client.APITest" name="testPostTask"/>
  <testcase time="0.007" classname="com.idibon.api.client.APITest" name="testPostTaskError"/>
  <testcase time="0.004" classname="com.idibon.api.client.APITest" name="testDeleteTask"/>
  <testcase time="0.005" classname="com.idibon.api.client.APITest" name="testDeleteTaskError"/>
  <testcase time="0.005" classname="com.idibon.api.client.APITest" name="testPostLabels"/>
  <testcase time="0.006" classname="com.idibon.api.client.APITest" name="testPostLabelsError"/>
  <testcase time="0.004" classname="com.idibon.api.client.APITest" name="testDeleteLabel"/>
  <testcase time="0.004" classname="com.idibon.api.client.APITest" name="testDeleteLabelError"/>
  <testcase time="0.007" classname="com.idibon.api.client.APITest" name="testPostAnnotations"/>
  <testcase time="0.004" classname="com.idibon.api.client.APITest" name="testPostAnnotationsNoTaskError"/>
  <testcase time="0.004" classname="com.idibon.api.client.APITest" name="testPostAnnotationsDocNotFoundError"/>
  <testcase time="0.003" classname="com.idibon.api.client.APITest" name="testDeleteAnnotation"/>
  <testcase time="0.004" classname="com.idibon.api.client.APITest" name="testDeleteAnnotationNotFoundError"/>
  <testcase time="0.006" classname="com.idibon.api.client.APITest" name="testDeleteAnnotationDocNotFoundError"/>
  <testcase time="0.008" classname="com.idibon.api.client.APITest" name="testGetFeatures"/>
  <testcase time="0.003" classname="com.idibon.api.client.APITest" name="testGetFeaturesError"/>
  <testcase time="0.007" classname="com.idibon.api.client.APITest" name="testPostFeatures"/>
  <testcase time="0.004" classname="com.idibon.api.client.APITest" name="testPostFeaturesError"/>
  <testcase time="0.004" classname="com.idibon.api.client.APITest" name="testDeleteFeature"/>
  <testcase time="0.003" classname="com.idibon.api.client.APITest" name="testDeleteFeatureNotFoundError"/>
  <testcase time="0.003" classname="com.idibon.api.client.APITest" name="testDeleteFeatureFeatureNotFoundError"/>
  <testcase time="0.003" classname="com.idibon.api.client.APITest" name="testPredictionForText"/>
  <testcase time="0.004" classname="com.idibon.api.client.APITest" name="testPredictionForDocument"/>
  <testcase time="0.002" classname="com.idibon.api.client.APITest" name="testPredictionError"/>
</testsuite>